\BOOKMARK [0][]{chapter.1}{\376\377\0001\000\040\000G\000r\000e\000a\000t\000e\000s\000t\000\040\000C\000o\000m\000m\000o\000n\000\040\000D\000i\000v\000i\000s\000o\000r}{}% 1
\BOOKMARK [1][]{section.1.1}{\376\377\0001\000.\0001\000\040\000E\000x\000a\000c\000t\000\040\000D\000i\000v\000i\000s\000i\000o\000n}{chapter.1}% 2
\BOOKMARK [1][]{section.1.2}{\376\377\0001\000.\0002\000\040\000D\000i\000v\000i\000s\000i\000o\000n\000\040\000w\000i\000t\000h\000\040\000r\000e\000m\000a\000i\000n\000d\000e\000r}{chapter.1}% 3
\BOOKMARK [1][]{section.1.3}{\376\377\0001\000.\0003\000\040\000G\000r\000e\000a\000t\000e\000s\000t\000\040\000C\000o\000m\000m\000o\000n\000\040\000D\000i\000v\000i\000s\000o\000r}{chapter.1}% 4
\BOOKMARK [1][]{section.1.4}{\376\377\0001\000.\0004\000\040\000B\000\351\000z\000o\000u\000t\000'\000s\000\040\000I\000d\000e\000n\000t\000i\000t\000y}{chapter.1}% 5
\BOOKMARK [1][]{section.1.5}{\376\377\0001\000.\0005\000\040\000E\000u\000c\000l\000i\000d\000'\000s\000\040\000A\000l\000g\000o\000r\000i\000t\000h\000m}{chapter.1}% 6
\BOOKMARK [1][]{section.1.6}{\376\377\0001\000.\0006\000\040\000E\000x\000t\000e\000n\000d\000e\000d\000\040\000E\000u\000c\000l\000i\000d\000'\000s\000\040\000A\000l\000g\000o\000r\000i\000t\000h\000m}{chapter.1}% 7
\BOOKMARK [0][]{chapter.2}{\376\377\0002\000\040\000P\000r\000i\000m\000e\000\040\000N\000u\000m\000b\000e\000r\000s}{}% 8
\BOOKMARK [1][]{section.2.1}{\376\377\0002\000.\0001\000\040\000P\000r\000i\000m\000e\000\040\000N\000u\000m\000b\000e\000r\000s}{chapter.2}% 9
\BOOKMARK [1][]{section.2.2}{\376\377\0002\000.\0002\000\040\000P\000r\000i\000m\000e\000\040\000N\000u\000m\000b\000e\000r\000\040\000T\000h\000e\000o\000r\000e\000m}{chapter.2}% 10
\BOOKMARK [1][]{section.2.3}{\376\377\0002\000.\0003\000\040\000F\000u\000n\000d\000a\000m\000e\000n\000t\000a\000l\000\040\000T\000h\000e\000o\000r\000e\000m\000\040\000o\000f\000\040\000A\000r\000i\000t\000h\000m\000e\000t\000i\000c}{chapter.2}% 11
\BOOKMARK [1][]{section.2.4}{\376\377\0002\000.\0004\000\040\000p\000-\000a\000d\000i\000c\000\040\000V\000a\000l\000u\000a\000t\000i\000o\000n}{chapter.2}% 12
\BOOKMARK [0][]{chapter.3}{\376\377\0003\000\040\000C\000o\000n\000g\000r\000u\000e\000n\000c\000e\000s}{}% 13
\BOOKMARK [1][]{section.3.1}{\376\377\0003\000.\0001\000\040\000C\000o\000n\000g\000r\000u\000e\000n\000c\000e\000s}{chapter.3}% 14
\BOOKMARK [1][]{section.3.2}{\376\377\0003\000.\0002\000\040\000W\000i\000l\000s\000o\000n\000'\000s\000\040\000T\000h\000e\000o\000r\000e\000m}{chapter.3}% 15
\BOOKMARK [1][]{section.3.3}{\376\377\0003\000.\0003\000\040\000E\000u\000l\000e\000r\000'\000s\000\040\000T\000h\000e\000o\000r\000e\000m}{chapter.3}% 16
\BOOKMARK [0][]{chapter.4}{\376\377\0004\000\040\000L\000i\000n\000e\000a\000r\000\040\000C\000o\000n\000g\000r\000u\000e\000n\000c\000e\000\040\000E\000q\000u\000a\000t\000i\000o\000n}{}% 17
\BOOKMARK [1][]{section.4.1}{\376\377\0004\000.\0001\000\040\000A\000l\000g\000e\000b\000r\000a\000i\000c\000\040\000C\000o\000n\000g\000r\000u\000e\000n\000c\000e\000\040\000E\000q\000u\000a\000t\000i\000o\000n}{chapter.4}% 18
\BOOKMARK [1][]{section.4.2}{\376\377\0004\000.\0002\000\040\000L\000i\000n\000e\000a\000r\000\040\000C\000o\000n\000g\000r\000u\000e\000n\000c\000e\000\040\000E\000q\000u\000a\000t\000i\000o\000n}{chapter.4}% 19
\BOOKMARK [1][]{section.4.3}{\376\377\0004\000.\0003\000\040\000C\000h\000i\000n\000e\000s\000e\000\040\000R\000e\000m\000a\000i\000n\000d\000e\000r\000\040\000T\000h\000e\000o\000r\000e\000m}{chapter.4}% 20
\BOOKMARK [0][]{chapter.5}{\376\377\0005\000\040\000Q\000u\000a\000d\000r\000a\000t\000i\000c\000\040\000c\000o\000n\000g\000r\000u\000e\000n\000c\000e\000\040\000e\000q\000u\000a\000t\000i\000o\000n\000\040\000m\000o\000d\000u\000l\000o\000\040\000a\000\040\000p\000r\000i\000m\000e}{}% 21
\BOOKMARK [1][]{section.5.1}{\376\377\0005\000.\0001\000\040\000Q\000u\000a\000d\000r\000a\000t\000i\000c\000\040\000R\000e\000s\000i\000d\000u\000e\000s}{chapter.5}% 22
\BOOKMARK [1][]{section.5.2}{\376\377\0005\000.\0002\000\040\000L\000e\000g\000e\000n\000d\000r\000e\000\040\000s\000y\000m\000b\000o\000l}{chapter.5}% 23
\BOOKMARK [1][]{section.5.3}{\376\377\0005\000.\0003\000\040\000L\000a\000w\000\040\000o\000f\000\040\000q\000u\000a\000d\000r\000a\000t\000i\000c\000\040\000r\000e\000c\000i\000p\000r\000o\000c\000i\000t\000y}{chapter.5}% 24
\BOOKMARK [1][]{section.5.4}{\376\377\0005\000.\0004\000\040\000P\000r\000o\000o\000f\000\040\000o\000f\000\040\000t\000h\000e\000\040\000l\000a\000w\000\040\000o\000f\000\040\000q\000u\000a\000d\000r\000a\000t\000i\000c\000\040\000r\000e\000c\000i\000p\000r\000o\000c\000i\000t\000y}{chapter.5}% 25
\BOOKMARK [1][]{section.5.5}{\376\377\0005\000.\0005\000\040\000J\000a\000c\000o\000b\000i\000\040\000s\000y\000m\000b\000o\000l}{chapter.5}% 26
\BOOKMARK [0][]{chapter.6}{\376\377\0006\000\040\000C\000o\000n\000g\000r\000u\000e\000n\000c\000e\000\040\000E\000q\000u\000a\000t\000i\000o\000n\000\040\000o\000f\000\040\000H\000i\000g\000h\000e\000r\000\040\000P\000o\000w\000e\000r}{}% 27
\BOOKMARK [1][]{section.6.1}{\376\377\0006\000.\0001\000\040\000L\000a\000g\000r\000a\000n\000g\000e\000'\000s\000\040\000T\000h\000e\000o\000r\000e\000m}{chapter.6}% 28
\BOOKMARK [1][]{section.6.2}{\376\377\0006\000.\0002\000\040\000H\000e\000n\000s\000e\000l\000'\000s\000\040\000L\000e\000m\000m\000a}{chapter.6}% 29
